Copyright 1986-2018 Xilinx, Inc. All Rights Reserved.
--------------------------------------------------------------------------------------------------------------------------------------------------
| Tool Version : Vivado v.2018.3 (win64) Build 2405991 Thu Dec  6 23:38:27 MST 2018
| Date         : Sun May  2 14:23:43 2021
| Host         : asus running 64-bit major release  (build 9200)
| Command      : report_methodology -file main_methodology_drc_routed.rpt -pb main_methodology_drc_routed.pb -rpx main_methodology_drc_routed.rpx
| Design       : main
| Device       : xc7a35tcpg236-1
| Speed File   : -1
| Design State : Fully Routed
--------------------------------------------------------------------------------------------------------------------------------------------------

Report Methodology

Table of Contents
-----------------
1. REPORT SUMMARY
2. REPORT DETAILS

1. REPORT SUMMARY
-----------------
            Netlist: netlist
          Floorplan: design_1
      Design limits: <entire design considered>
             Max violations: <unlimited>
             Violations found: 269
+-----------+----------+-------------------------------+------------+
| Rule      | Severity | Description                   | Violations |
+-----------+----------+-------------------------------+------------+
| TIMING-17 | Warning  | Non-clocked sequential cell   | 244        |
| TIMING-18 | Warning  | Missing input or output delay | 11         |
| TIMING-20 | Warning  | Non-clocked latch             | 14         |
+-----------+----------+-------------------------------+------------+

2. REPORT DETAILS
-----------------
TIMING-17#1 Warning
Non-clocked sequential cell  
The clock pin controller1/FSM_onehot_state_reg[0]/C is not reached by a timing clock
Related violations: <none>

TIMING-17#2 Warning
Non-clocked sequential cell  
The clock pin controller1/FSM_onehot_state_reg[1]/C is not reached by a timing clock
Related violations: <none>

TIMING-17#3 Warning
Non-clocked sequential cell  
The clock pin controller1/FSM_onehot_state_reg[2]/C is not reached by a timing clock
Related violations: <none>

TIMING-17#4 Warning
Non-clocked sequential cell  
The clock pin controller1/FSM_onehot_state_reg[3]/C is not reached by a timing clock
Related violations: <none>

TIMING-17#5 Warning
Non-clocked sequential cell  
The clock pin controller1/FSM_onehot_state_reg[4]/C is not reached by a timing clock
Related violations: <none>

TIMING-17#6 Warning
Non-clocked sequential cell  
The clock pin controller1/FSM_onehot_state_reg[5]/C is not reached by a timing clock
Related violations: <none>

TIMING-17#7 Warning
Non-clocked sequential cell  
The clock pin datapath1/checksum_reg1/Q_reg[0]/C is not reached by a timing clock
Related violations: <none>

TIMING-17#8 Warning
Non-clocked sequential cell  
The clock pin datapath1/checksum_reg1/Q_reg[1]/C is not reached by a timing clock
Related violations: <none>

TIMING-17#9 Warning
Non-clocked sequential cell  
The clock pin datapath1/checksum_reg1/Q_reg[2]/C is not reached by a timing clock
Related violations: <none>

TIMING-17#10 Warning
Non-clocked sequential cell  
The clock pin datapath1/checksum_reg1/Q_reg[3]/C is not reached by a timing clock
Related violations: <none>

TIMING-17#11 Warning
Non-clocked sequential cell  
The clock pin datapath1/checksum_reg1/Q_reg[4]/C is not reached by a timing clock
Related violations: <none>

TIMING-17#12 Warning
Non-clocked sequential cell  
The clock pin datapath1/checksum_reg1/Q_reg[5]/C is not reached by a timing clock
Related violations: <none>

TIMING-17#13 Warning
Non-clocked sequential cell  
The clock pin datapath1/checksum_reg1/Q_reg[6]/C is not reached by a timing clock
Related violations: <none>

TIMING-17#14 Warning
Non-clocked sequential cell  
The clock pin datapath1/checksum_reg1/Q_reg[7]/C is not reached by a timing clock
Related violations: <none>

TIMING-17#15 Warning
Non-clocked sequential cell  
The clock pin datapath1/ctr1/reg1_N/Q_reg[0]/C is not reached by a timing clock
Related violations: <none>

TIMING-17#16 Warning
Non-clocked sequential cell  
The clock pin datapath1/ctr1/reg1_N/Q_reg[1]/C is not reached by a timing clock
Related violations: <none>

TIMING-17#17 Warning
Non-clocked sequential cell  
The clock pin datapath1/ctr1/reg1_N/Q_reg[2]/C is not reached by a timing clock
Related violations: <none>

TIMING-17#18 Warning
Non-clocked sequential cell  
The clock pin datapath1/ctr1/reg1_N/Q_reg[3]/C is not reached by a timing clock
Related violations: <none>

TIMING-17#19 Warning
Non-clocked sequential cell  
The clock pin datapath1/ctr1/reg1_N/Q_reg[4]/C is not reached by a timing clock
Related violations: <none>

TIMING-17#20 Warning
Non-clocked sequential cell  
The clock pin datapath1/ctr1/reg1_N/Q_reg[5]/C is not reached by a timing clock
Related violations: <none>

TIMING-17#21 Warning
Non-clocked sequential cell  
The clock pin datapath1/ctr1/reg1_N/Q_reg[6]/C is not reached by a timing clock
Related violations: <none>

TIMING-17#22 Warning
Non-clocked sequential cell  
The clock pin datapath1/ctr1/reg1_N/Q_reg[7]/C is not reached by a timing clock
Related violations: <none>

TIMING-17#23 Warning
Non-clocked sequential cell  
The clock pin datapath1/iCtr1/reg1_N/Q_reg[0]/C is not reached by a timing clock
Related violations: <none>

TIMING-17#24 Warning
Non-clocked sequential cell  
The clock pin datapath1/iCtr1/reg1_N/Q_reg[1]/C is not reached by a timing clock
Related violations: <none>

TIMING-17#25 Warning
Non-clocked sequential cell  
The clock pin datapath1/iCtr1/reg1_N/Q_reg[2]/C is not reached by a timing clock
Related violations: <none>

TIMING-17#26 Warning
Non-clocked sequential cell  
The clock pin datapath1/iCtr1/reg1_N/Q_reg[3]/C is not reached by a timing clock
Related violations: <none>

TIMING-17#27 Warning
Non-clocked sequential cell  
The clock pin datapath1/iCtr1/reg1_N/Q_reg[4]/C is not reached by a timing clock
Related violations: <none>

TIMING-17#28 Warning
Non-clocked sequential cell  
The clock pin datapath1/sum_reg1/Q_reg[0]/C is not reached by a timing clock
Related violations: <none>

TIMING-17#29 Warning
Non-clocked sequential cell  
The clock pin datapath1/sum_reg1/Q_reg[1]/C is not reached by a timing clock
Related violations: <none>

TIMING-17#30 Warning
Non-clocked sequential cell  
The clock pin datapath1/sum_reg1/Q_reg[2]/C is not reached by a timing clock
Related violations: <none>

TIMING-17#31 Warning
Non-clocked sequential cell  
The clock pin datapath1/sum_reg1/Q_reg[3]/C is not reached by a timing clock
Related violations: <none>

TIMING-17#32 Warning
Non-clocked sequential cell  
The clock pin datapath1/sum_reg1/Q_reg[4]/C is not reached by a timing clock
Related violations: <none>

TIMING-17#33 Warning
Non-clocked sequential cell  
The clock pin datapath1/sum_reg1/Q_reg[5]/C is not reached by a timing clock
Related violations: <none>

TIMING-17#34 Warning
Non-clocked sequential cell  
The clock pin datapath1/sum_reg1/Q_reg[6]/C is not reached by a timing clock
Related violations: <none>

TIMING-17#35 Warning
Non-clocked sequential cell  
The clock pin datapath1/sum_reg1/Q_reg[7]/C is not reached by a timing clock
Related violations: <none>

TIMING-17#36 Warning
Non-clocked sequential cell  
The clock pin dbncer1/q_0_d_1_reg/C is not reached by a timing clock
Related violations: <none>

TIMING-17#37 Warning
Non-clocked sequential cell  
The clock pin dbncer1/q_1_not_reg/C is not reached by a timing clock
Related violations: <none>

TIMING-17#38 Warning
Non-clocked sequential cell  
The clock pin dbncer2/q_0_d_1_reg/C is not reached by a timing clock
Related violations: <none>

TIMING-17#39 Warning
Non-clocked sequential cell  
The clock pin dbncer2/q_1_not_reg/C is not reached by a timing clock
Related violations: <none>

TIMING-17#40 Warning
Non-clocked sequential cell  
The clock pin dbncer3/q_0_d_1_reg/C is not reached by a timing clock
Related violations: <none>

TIMING-17#41 Warning
Non-clocked sequential cell  
The clock pin dbncer3/q_1_not_reg/C is not reached by a timing clock
Related violations: <none>

TIMING-17#42 Warning
Non-clocked sequential cell  
The clock pin dbncer4/q_0_d_1_reg/C is not reached by a timing clock
Related violations: <none>

TIMING-17#43 Warning
Non-clocked sequential cell  
The clock pin dbncer4/q_1_not_reg/C is not reached by a timing clock
Related violations: <none>

TIMING-17#44 Warning
Non-clocked sequential cell  
The clock pin dbncer5/q_0_d_1_reg/C is not reached by a timing clock
Related violations: <none>

TIMING-17#45 Warning
Non-clocked sequential cell  
The clock pin dbncer5/q_1_not_reg/C is not reached by a timing clock
Related violations: <none>

TIMING-17#46 Warning
Non-clocked sequential cell  
The clock pin displayLogic/FSM_sequential_state_reg[0]/C is not reached by a timing clock
Related violations: <none>

TIMING-17#47 Warning
Non-clocked sequential cell  
The clock pin displayLogic/FSM_sequential_state_reg[1]/C is not reached by a timing clock
Related violations: <none>

TIMING-17#48 Warning
Non-clocked sequential cell  
The clock pin displayLogic/FSM_sequential_state_reg[2]/C is not reached by a timing clock
Related violations: <none>

TIMING-17#49 Warning
Non-clocked sequential cell  
The clock pin displayLogic/FSM_sequential_state_reg[3]/C is not reached by a timing clock
Related violations: <none>

TIMING-17#50 Warning
Non-clocked sequential cell  
The clock pin displayLogic/in_reg0/Q_reg[0]/C is not reached by a timing clock
Related violations: <none>

TIMING-17#51 Warning
Non-clocked sequential cell  
The clock pin displayLogic/in_reg0/Q_reg[1]/C is not reached by a timing clock
Related violations: <none>

TIMING-17#52 Warning
Non-clocked sequential cell  
The clock pin displayLogic/in_reg0/Q_reg[2]/C is not reached by a timing clock
Related violations: <none>

TIMING-17#53 Warning
Non-clocked sequential cell  
The clock pin displayLogic/in_reg0/Q_reg[3]/C is not reached by a timing clock
Related violations: <none>

TIMING-17#54 Warning
Non-clocked sequential cell  
The clock pin displayLogic/in_reg1/Q_reg[0]/C is not reached by a timing clock
Related violations: <none>

TIMING-17#55 Warning
Non-clocked sequential cell  
The clock pin displayLogic/in_reg1/Q_reg[1]/C is not reached by a timing clock
Related violations: <none>

TIMING-17#56 Warning
Non-clocked sequential cell  
The clock pin displayLogic/in_reg1/Q_reg[2]/C is not reached by a timing clock
Related violations: <none>

TIMING-17#57 Warning
Non-clocked sequential cell  
The clock pin displayLogic/in_reg1/Q_reg[3]/C is not reached by a timing clock
Related violations: <none>

TIMING-17#58 Warning
Non-clocked sequential cell  
The clock pin displayLogic/in_reg2/Q_reg[0]/C is not reached by a timing clock
Related violations: <none>

TIMING-17#59 Warning
Non-clocked sequential cell  
The clock pin displayLogic/in_reg2/Q_reg[4]/C is not reached by a timing clock
Related violations: <none>

TIMING-17#60 Warning
Non-clocked sequential cell  
The clock pin displayLogic/in_reg3/Q_reg[0]/C is not reached by a timing clock
Related violations: <none>

TIMING-17#61 Warning
Non-clocked sequential cell  
The clock pin displayLogic/in_reg3/Q_reg[1]/C is not reached by a timing clock
Related violations: <none>

TIMING-17#62 Warning
Non-clocked sequential cell  
The clock pin displayLogic/in_reg3/Q_reg[2]/C is not reached by a timing clock
Related violations: <none>

TIMING-17#63 Warning
Non-clocked sequential cell  
The clock pin displayLogic/in_reg3/Q_reg[3]/C is not reached by a timing clock
Related violations: <none>

TIMING-17#64 Warning
Non-clocked sequential cell  
The clock pin displayLogic/in_reg3/Q_reg[4]/C is not reached by a timing clock
Related violations: <none>

TIMING-17#65 Warning
Non-clocked sequential cell  
The clock pin displayLogic/r_a_1_reg0/Q_reg[0]/C is not reached by a timing clock
Related violations: <none>

TIMING-17#66 Warning
Non-clocked sequential cell  
The clock pin displayLogic/r_a_1_reg0/Q_reg[1]/C is not reached by a timing clock
Related violations: <none>

TIMING-17#67 Warning
Non-clocked sequential cell  
The clock pin displayLogic/r_a_1_reg0/Q_reg[2]/C is not reached by a timing clock
Related violations: <none>

TIMING-17#68 Warning
Non-clocked sequential cell  
The clock pin displayLogic/r_a_1_reg0/Q_reg[3]/C is not reached by a timing clock
Related violations: <none>

TIMING-17#69 Warning
Non-clocked sequential cell  
The clock pin displayLogic/ten_ctr1/reg1_N/Q_reg[0]/C is not reached by a timing clock
Related violations: <none>

TIMING-17#70 Warning
Non-clocked sequential cell  
The clock pin displayLogic/ten_ctr1/reg1_N/Q_reg[10]/C is not reached by a timing clock
Related violations: <none>

TIMING-17#71 Warning
Non-clocked sequential cell  
The clock pin displayLogic/ten_ctr1/reg1_N/Q_reg[11]/C is not reached by a timing clock
Related violations: <none>

TIMING-17#72 Warning
Non-clocked sequential cell  
The clock pin displayLogic/ten_ctr1/reg1_N/Q_reg[12]/C is not reached by a timing clock
Related violations: <none>

TIMING-17#73 Warning
Non-clocked sequential cell  
The clock pin displayLogic/ten_ctr1/reg1_N/Q_reg[13]/C is not reached by a timing clock
Related violations: <none>

TIMING-17#74 Warning
Non-clocked sequential cell  
The clock pin displayLogic/ten_ctr1/reg1_N/Q_reg[14]/C is not reached by a timing clock
Related violations: <none>

TIMING-17#75 Warning
Non-clocked sequential cell  
The clock pin displayLogic/ten_ctr1/reg1_N/Q_reg[15]/C is not reached by a timing clock
Related violations: <none>

TIMING-17#76 Warning
Non-clocked sequential cell  
The clock pin displayLogic/ten_ctr1/reg1_N/Q_reg[16]/C is not reached by a timing clock
Related violations: <none>

TIMING-17#77 Warning
Non-clocked sequential cell  
The clock pin displayLogic/ten_ctr1/reg1_N/Q_reg[17]/C is not reached by a timing clock
Related violations: <none>

TIMING-17#78 Warning
Non-clocked sequential cell  
The clock pin displayLogic/ten_ctr1/reg1_N/Q_reg[18]/C is not reached by a timing clock
Related violations: <none>

TIMING-17#79 Warning
Non-clocked sequential cell  
The clock pin displayLogic/ten_ctr1/reg1_N/Q_reg[19]/C is not reached by a timing clock
Related violations: <none>

TIMING-17#80 Warning
Non-clocked sequential cell  
The clock pin displayLogic/ten_ctr1/reg1_N/Q_reg[1]/C is not reached by a timing clock
Related violations: <none>

TIMING-17#81 Warning
Non-clocked sequential cell  
The clock pin displayLogic/ten_ctr1/reg1_N/Q_reg[20]/C is not reached by a timing clock
Related violations: <none>

TIMING-17#82 Warning
Non-clocked sequential cell  
The clock pin displayLogic/ten_ctr1/reg1_N/Q_reg[21]/C is not reached by a timing clock
Related violations: <none>

TIMING-17#83 Warning
Non-clocked sequential cell  
The clock pin displayLogic/ten_ctr1/reg1_N/Q_reg[22]/C is not reached by a timing clock
Related violations: <none>

TIMING-17#84 Warning
Non-clocked sequential cell  
The clock pin displayLogic/ten_ctr1/reg1_N/Q_reg[23]/C is not reached by a timing clock
Related violations: <none>

TIMING-17#85 Warning
Non-clocked sequential cell  
The clock pin displayLogic/ten_ctr1/reg1_N/Q_reg[24]/C is not reached by a timing clock
Related violations: <none>

TIMING-17#86 Warning
Non-clocked sequential cell  
The clock pin displayLogic/ten_ctr1/reg1_N/Q_reg[25]/C is not reached by a timing clock
Related violations: <none>

TIMING-17#87 Warning
Non-clocked sequential cell  
The clock pin displayLogic/ten_ctr1/reg1_N/Q_reg[26]/C is not reached by a timing clock
Related violations: <none>

TIMING-17#88 Warning
Non-clocked sequential cell  
The clock pin displayLogic/ten_ctr1/reg1_N/Q_reg[27]/C is not reached by a timing clock
Related violations: <none>

TIMING-17#89 Warning
Non-clocked sequential cell  
The clock pin displayLogic/ten_ctr1/reg1_N/Q_reg[28]/C is not reached by a timing clock
Related violations: <none>

TIMING-17#90 Warning
Non-clocked sequential cell  
The clock pin displayLogic/ten_ctr1/reg1_N/Q_reg[29]/C is not reached by a timing clock
Related violations: <none>

TIMING-17#91 Warning
Non-clocked sequential cell  
The clock pin displayLogic/ten_ctr1/reg1_N/Q_reg[2]/C is not reached by a timing clock
Related violations: <none>

TIMING-17#92 Warning
Non-clocked sequential cell  
The clock pin displayLogic/ten_ctr1/reg1_N/Q_reg[30]/C is not reached by a timing clock
Related violations: <none>

TIMING-17#93 Warning
Non-clocked sequential cell  
The clock pin displayLogic/ten_ctr1/reg1_N/Q_reg[31]/C is not reached by a timing clock
Related violations: <none>

TIMING-17#94 Warning
Non-clocked sequential cell  
The clock pin displayLogic/ten_ctr1/reg1_N/Q_reg[3]/C is not reached by a timing clock
Related violations: <none>

TIMING-17#95 Warning
Non-clocked sequential cell  
The clock pin displayLogic/ten_ctr1/reg1_N/Q_reg[4]/C is not reached by a timing clock
Related violations: <none>

TIMING-17#96 Warning
Non-clocked sequential cell  
The clock pin displayLogic/ten_ctr1/reg1_N/Q_reg[5]/C is not reached by a timing clock
Related violations: <none>

TIMING-17#97 Warning
Non-clocked sequential cell  
The clock pin displayLogic/ten_ctr1/reg1_N/Q_reg[6]/C is not reached by a timing clock
Related violations: <none>

TIMING-17#98 Warning
Non-clocked sequential cell  
The clock pin displayLogic/ten_ctr1/reg1_N/Q_reg[7]/C is not reached by a timing clock
Related violations: <none>

TIMING-17#99 Warning
Non-clocked sequential cell  
The clock pin displayLogic/ten_ctr1/reg1_N/Q_reg[8]/C is not reached by a timing clock
Related violations: <none>

TIMING-17#100 Warning
Non-clocked sequential cell  
The clock pin displayLogic/ten_ctr1/reg1_N/Q_reg[9]/C is not reached by a timing clock
Related violations: <none>

TIMING-17#101 Warning
Non-clocked sequential cell  
The clock pin regFile1/RAM_reg[0][0]/C is not reached by a timing clock
Related violations: <none>

TIMING-17#102 Warning
Non-clocked sequential cell  
The clock pin regFile1/RAM_reg[0][1]/C is not reached by a timing clock
Related violations: <none>

TIMING-17#103 Warning
Non-clocked sequential cell  
The clock pin regFile1/RAM_reg[0][2]/C is not reached by a timing clock
Related violations: <none>

TIMING-17#104 Warning
Non-clocked sequential cell  
The clock pin regFile1/RAM_reg[0][3]/C is not reached by a timing clock
Related violations: <none>

TIMING-17#105 Warning
Non-clocked sequential cell  
The clock pin regFile1/RAM_reg[0][4]/C is not reached by a timing clock
Related violations: <none>

TIMING-17#106 Warning
Non-clocked sequential cell  
The clock pin regFile1/RAM_reg[0][5]/C is not reached by a timing clock
Related violations: <none>

TIMING-17#107 Warning
Non-clocked sequential cell  
The clock pin regFile1/RAM_reg[0][6]/C is not reached by a timing clock
Related violations: <none>

TIMING-17#108 Warning
Non-clocked sequential cell  
The clock pin regFile1/RAM_reg[0][7]/C is not reached by a timing clock
Related violations: <none>

TIMING-17#109 Warning
Non-clocked sequential cell  
The clock pin regFile1/RAM_reg[10][0]/C is not reached by a timing clock
Related violations: <none>

TIMING-17#110 Warning
Non-clocked sequential cell  
The clock pin regFile1/RAM_reg[10][1]/C is not reached by a timing clock
Related violations: <none>

TIMING-17#111 Warning
Non-clocked sequential cell  
The clock pin regFile1/RAM_reg[10][2]/C is not reached by a timing clock
Related violations: <none>

TIMING-17#112 Warning
Non-clocked sequential cell  
The clock pin regFile1/RAM_reg[10][3]/C is not reached by a timing clock
Related violations: <none>

TIMING-17#113 Warning
Non-clocked sequential cell  
The clock pin regFile1/RAM_reg[10][4]/C is not reached by a timing clock
Related violations: <none>

TIMING-17#114 Warning
Non-clocked sequential cell  
The clock pin regFile1/RAM_reg[10][5]/C is not reached by a timing clock
Related violations: <none>

TIMING-17#115 Warning
Non-clocked sequential cell  
The clock pin regFile1/RAM_reg[10][6]/C is not reached by a timing clock
Related violations: <none>

TIMING-17#116 Warning
Non-clocked sequential cell  
The clock pin regFile1/RAM_reg[10][7]/C is not reached by a timing clock
Related violations: <none>

TIMING-17#117 Warning
Non-clocked sequential cell  
The clock pin regFile1/RAM_reg[11][0]/C is not reached by a timing clock
Related violations: <none>

TIMING-17#118 Warning
Non-clocked sequential cell  
The clock pin regFile1/RAM_reg[11][1]/C is not reached by a timing clock
Related violations: <none>

TIMING-17#119 Warning
Non-clocked sequential cell  
The clock pin regFile1/RAM_reg[11][2]/C is not reached by a timing clock
Related violations: <none>

TIMING-17#120 Warning
Non-clocked sequential cell  
The clock pin regFile1/RAM_reg[11][3]/C is not reached by a timing clock
Related violations: <none>

TIMING-17#121 Warning
Non-clocked sequential cell  
The clock pin regFile1/RAM_reg[11][4]/C is not reached by a timing clock
Related violations: <none>

TIMING-17#122 Warning
Non-clocked sequential cell  
The clock pin regFile1/RAM_reg[11][5]/C is not reached by a timing clock
Related violations: <none>

TIMING-17#123 Warning
Non-clocked sequential cell  
The clock pin regFile1/RAM_reg[11][6]/C is not reached by a timing clock
Related violations: <none>

TIMING-17#124 Warning
Non-clocked sequential cell  
The clock pin regFile1/RAM_reg[11][7]/C is not reached by a timing clock
Related violations: <none>

TIMING-17#125 Warning
Non-clocked sequential cell  
The clock pin regFile1/RAM_reg[12][0]/C is not reached by a timing clock
Related violations: <none>

TIMING-17#126 Warning
Non-clocked sequential cell  
The clock pin regFile1/RAM_reg[12][1]/C is not reached by a timing clock
Related violations: <none>

TIMING-17#127 Warning
Non-clocked sequential cell  
The clock pin regFile1/RAM_reg[12][2]/C is not reached by a timing clock
Related violations: <none>

TIMING-17#128 Warning
Non-clocked sequential cell  
The clock pin regFile1/RAM_reg[12][3]/C is not reached by a timing clock
Related violations: <none>

TIMING-17#129 Warning
Non-clocked sequential cell  
The clock pin regFile1/RAM_reg[12][4]/C is not reached by a timing clock
Related violations: <none>

TIMING-17#130 Warning
Non-clocked sequential cell  
The clock pin regFile1/RAM_reg[12][5]/C is not reached by a timing clock
Related violations: <none>

TIMING-17#131 Warning
Non-clocked sequential cell  
The clock pin regFile1/RAM_reg[12][6]/C is not reached by a timing clock
Related violations: <none>

TIMING-17#132 Warning
Non-clocked sequential cell  
The clock pin regFile1/RAM_reg[12][7]/C is not reached by a timing clock
Related violations: <none>

TIMING-17#133 Warning
Non-clocked sequential cell  
The clock pin regFile1/RAM_reg[13][0]/C is not reached by a timing clock
Related violations: <none>

TIMING-17#134 Warning
Non-clocked sequential cell  
The clock pin regFile1/RAM_reg[13][1]/C is not reached by a timing clock
Related violations: <none>

TIMING-17#135 Warning
Non-clocked sequential cell  
The clock pin regFile1/RAM_reg[13][2]/C is not reached by a timing clock
Related violations: <none>

TIMING-17#136 Warning
Non-clocked sequential cell  
The clock pin regFile1/RAM_reg[13][3]/C is not reached by a timing clock
Related violations: <none>

TIMING-17#137 Warning
Non-clocked sequential cell  
The clock pin regFile1/RAM_reg[13][4]/C is not reached by a timing clock
Related violations: <none>

TIMING-17#138 Warning
Non-clocked sequential cell  
The clock pin regFile1/RAM_reg[13][5]/C is not reached by a timing clock
Related violations: <none>

TIMING-17#139 Warning
Non-clocked sequential cell  
The clock pin regFile1/RAM_reg[13][6]/C is not reached by a timing clock
Related violations: <none>

TIMING-17#140 Warning
Non-clocked sequential cell  
The clock pin regFile1/RAM_reg[13][7]/C is not reached by a timing clock
Related violations: <none>

TIMING-17#141 Warning
Non-clocked sequential cell  
The clock pin regFile1/RAM_reg[14][0]/C is not reached by a timing clock
Related violations: <none>

TIMING-17#142 Warning
Non-clocked sequential cell  
The clock pin regFile1/RAM_reg[14][1]/C is not reached by a timing clock
Related violations: <none>

TIMING-17#143 Warning
Non-clocked sequential cell  
The clock pin regFile1/RAM_reg[14][2]/C is not reached by a timing clock
Related violations: <none>

TIMING-17#144 Warning
Non-clocked sequential cell  
The clock pin regFile1/RAM_reg[14][3]/C is not reached by a timing clock
Related violations: <none>

TIMING-17#145 Warning
Non-clocked sequential cell  
The clock pin regFile1/RAM_reg[14][4]/C is not reached by a timing clock
Related violations: <none>

TIMING-17#146 Warning
Non-clocked sequential cell  
The clock pin regFile1/RAM_reg[14][5]/C is not reached by a timing clock
Related violations: <none>

TIMING-17#147 Warning
Non-clocked sequential cell  
The clock pin regFile1/RAM_reg[14][6]/C is not reached by a timing clock
Related violations: <none>

TIMING-17#148 Warning
Non-clocked sequential cell  
The clock pin regFile1/RAM_reg[14][7]/C is not reached by a timing clock
Related violations: <none>

TIMING-17#149 Warning
Non-clocked sequential cell  
The clock pin regFile1/RAM_reg[15][0]/C is not reached by a timing clock
Related violations: <none>

TIMING-17#150 Warning
Non-clocked sequential cell  
The clock pin regFile1/RAM_reg[15][1]/C is not reached by a timing clock
Related violations: <none>

TIMING-17#151 Warning
Non-clocked sequential cell  
The clock pin regFile1/RAM_reg[15][2]/C is not reached by a timing clock
Related violations: <none>

TIMING-17#152 Warning
Non-clocked sequential cell  
The clock pin regFile1/RAM_reg[15][3]/C is not reached by a timing clock
Related violations: <none>

TIMING-17#153 Warning
Non-clocked sequential cell  
The clock pin regFile1/RAM_reg[15][4]/C is not reached by a timing clock
Related violations: <none>

TIMING-17#154 Warning
Non-clocked sequential cell  
The clock pin regFile1/RAM_reg[15][5]/C is not reached by a timing clock
Related violations: <none>

TIMING-17#155 Warning
Non-clocked sequential cell  
The clock pin regFile1/RAM_reg[15][6]/C is not reached by a timing clock
Related violations: <none>

TIMING-17#156 Warning
Non-clocked sequential cell  
The clock pin regFile1/RAM_reg[15][7]/C is not reached by a timing clock
Related violations: <none>

TIMING-17#157 Warning
Non-clocked sequential cell  
The clock pin regFile1/RAM_reg[1][0]/C is not reached by a timing clock
Related violations: <none>

TIMING-17#158 Warning
Non-clocked sequential cell  
The clock pin regFile1/RAM_reg[1][1]/C is not reached by a timing clock
Related violations: <none>

TIMING-17#159 Warning
Non-clocked sequential cell  
The clock pin regFile1/RAM_reg[1][2]/C is not reached by a timing clock
Related violations: <none>

TIMING-17#160 Warning
Non-clocked sequential cell  
The clock pin regFile1/RAM_reg[1][3]/C is not reached by a timing clock
Related violations: <none>

TIMING-17#161 Warning
Non-clocked sequential cell  
The clock pin regFile1/RAM_reg[1][4]/C is not reached by a timing clock
Related violations: <none>

TIMING-17#162 Warning
Non-clocked sequential cell  
The clock pin regFile1/RAM_reg[1][5]/C is not reached by a timing clock
Related violations: <none>

TIMING-17#163 Warning
Non-clocked sequential cell  
The clock pin regFile1/RAM_reg[1][6]/C is not reached by a timing clock
Related violations: <none>

TIMING-17#164 Warning
Non-clocked sequential cell  
The clock pin regFile1/RAM_reg[1][7]/C is not reached by a timing clock
Related violations: <none>

TIMING-17#165 Warning
Non-clocked sequential cell  
The clock pin regFile1/RAM_reg[2][0]/C is not reached by a timing clock
Related violations: <none>

TIMING-17#166 Warning
Non-clocked sequential cell  
The clock pin regFile1/RAM_reg[2][1]/C is not reached by a timing clock
Related violations: <none>

TIMING-17#167 Warning
Non-clocked sequential cell  
The clock pin regFile1/RAM_reg[2][2]/C is not reached by a timing clock
Related violations: <none>

TIMING-17#168 Warning
Non-clocked sequential cell  
The clock pin regFile1/RAM_reg[2][3]/C is not reached by a timing clock
Related violations: <none>

TIMING-17#169 Warning
Non-clocked sequential cell  
The clock pin regFile1/RAM_reg[2][4]/C is not reached by a timing clock
Related violations: <none>

TIMING-17#170 Warning
Non-clocked sequential cell  
The clock pin regFile1/RAM_reg[2][5]/C is not reached by a timing clock
Related violations: <none>

TIMING-17#171 Warning
Non-clocked sequential cell  
The clock pin regFile1/RAM_reg[2][6]/C is not reached by a timing clock
Related violations: <none>

TIMING-17#172 Warning
Non-clocked sequential cell  
The clock pin regFile1/RAM_reg[2][7]/C is not reached by a timing clock
Related violations: <none>

TIMING-17#173 Warning
Non-clocked sequential cell  
The clock pin regFile1/RAM_reg[3][0]/C is not reached by a timing clock
Related violations: <none>

TIMING-17#174 Warning
Non-clocked sequential cell  
The clock pin regFile1/RAM_reg[3][1]/C is not reached by a timing clock
Related violations: <none>

TIMING-17#175 Warning
Non-clocked sequential cell  
The clock pin regFile1/RAM_reg[3][2]/C is not reached by a timing clock
Related violations: <none>

TIMING-17#176 Warning
Non-clocked sequential cell  
The clock pin regFile1/RAM_reg[3][3]/C is not reached by a timing clock
Related violations: <none>

TIMING-17#177 Warning
Non-clocked sequential cell  
The clock pin regFile1/RAM_reg[3][4]/C is not reached by a timing clock
Related violations: <none>

TIMING-17#178 Warning
Non-clocked sequential cell  
The clock pin regFile1/RAM_reg[3][5]/C is not reached by a timing clock
Related violations: <none>

TIMING-17#179 Warning
Non-clocked sequential cell  
The clock pin regFile1/RAM_reg[3][6]/C is not reached by a timing clock
Related violations: <none>

TIMING-17#180 Warning
Non-clocked sequential cell  
The clock pin regFile1/RAM_reg[3][7]/C is not reached by a timing clock
Related violations: <none>

TIMING-17#181 Warning
Non-clocked sequential cell  
The clock pin regFile1/RAM_reg[4][0]/C is not reached by a timing clock
Related violations: <none>

TIMING-17#182 Warning
Non-clocked sequential cell  
The clock pin regFile1/RAM_reg[4][1]/C is not reached by a timing clock
Related violations: <none>

TIMING-17#183 Warning
Non-clocked sequential cell  
The clock pin regFile1/RAM_reg[4][2]/C is not reached by a timing clock
Related violations: <none>

TIMING-17#184 Warning
Non-clocked sequential cell  
The clock pin regFile1/RAM_reg[4][3]/C is not reached by a timing clock
Related violations: <none>

TIMING-17#185 Warning
Non-clocked sequential cell  
The clock pin regFile1/RAM_reg[4][4]/C is not reached by a timing clock
Related violations: <none>

TIMING-17#186 Warning
Non-clocked sequential cell  
The clock pin regFile1/RAM_reg[4][5]/C is not reached by a timing clock
Related violations: <none>

TIMING-17#187 Warning
Non-clocked sequential cell  
The clock pin regFile1/RAM_reg[4][6]/C is not reached by a timing clock
Related violations: <none>

TIMING-17#188 Warning
Non-clocked sequential cell  
The clock pin regFile1/RAM_reg[4][7]/C is not reached by a timing clock
Related violations: <none>

TIMING-17#189 Warning
Non-clocked sequential cell  
The clock pin regFile1/RAM_reg[5][0]/C is not reached by a timing clock
Related violations: <none>

TIMING-17#190 Warning
Non-clocked sequential cell  
The clock pin regFile1/RAM_reg[5][1]/C is not reached by a timing clock
Related violations: <none>

TIMING-17#191 Warning
Non-clocked sequential cell  
The clock pin regFile1/RAM_reg[5][2]/C is not reached by a timing clock
Related violations: <none>

TIMING-17#192 Warning
Non-clocked sequential cell  
The clock pin regFile1/RAM_reg[5][3]/C is not reached by a timing clock
Related violations: <none>

TIMING-17#193 Warning
Non-clocked sequential cell  
The clock pin regFile1/RAM_reg[5][4]/C is not reached by a timing clock
Related violations: <none>

TIMING-17#194 Warning
Non-clocked sequential cell  
The clock pin regFile1/RAM_reg[5][5]/C is not reached by a timing clock
Related violations: <none>

TIMING-17#195 Warning
Non-clocked sequential cell  
The clock pin regFile1/RAM_reg[5][6]/C is not reached by a timing clock
Related violations: <none>

TIMING-17#196 Warning
Non-clocked sequential cell  
The clock pin regFile1/RAM_reg[5][7]/C is not reached by a timing clock
Related violations: <none>

TIMING-17#197 Warning
Non-clocked sequential cell  
The clock pin regFile1/RAM_reg[6][0]/C is not reached by a timing clock
Related violations: <none>

TIMING-17#198 Warning
Non-clocked sequential cell  
The clock pin regFile1/RAM_reg[6][1]/C is not reached by a timing clock
Related violations: <none>

TIMING-17#199 Warning
Non-clocked sequential cell  
The clock pin regFile1/RAM_reg[6][2]/C is not reached by a timing clock
Related violations: <none>

TIMING-17#200 Warning
Non-clocked sequential cell  
The clock pin regFile1/RAM_reg[6][3]/C is not reached by a timing clock
Related violations: <none>

TIMING-17#201 Warning
Non-clocked sequential cell  
The clock pin regFile1/RAM_reg[6][4]/C is not reached by a timing clock
Related violations: <none>

TIMING-17#202 Warning
Non-clocked sequential cell  
The clock pin regFile1/RAM_reg[6][5]/C is not reached by a timing clock
Related violations: <none>

TIMING-17#203 Warning
Non-clocked sequential cell  
The clock pin regFile1/RAM_reg[6][6]/C is not reached by a timing clock
Related violations: <none>

TIMING-17#204 Warning
Non-clocked sequential cell  
The clock pin regFile1/RAM_reg[6][7]/C is not reached by a timing clock
Related violations: <none>

TIMING-17#205 Warning
Non-clocked sequential cell  
The clock pin regFile1/RAM_reg[7][0]/C is not reached by a timing clock
Related violations: <none>

TIMING-17#206 Warning
Non-clocked sequential cell  
The clock pin regFile1/RAM_reg[7][1]/C is not reached by a timing clock
Related violations: <none>

TIMING-17#207 Warning
Non-clocked sequential cell  
The clock pin regFile1/RAM_reg[7][2]/C is not reached by a timing clock
Related violations: <none>

TIMING-17#208 Warning
Non-clocked sequential cell  
The clock pin regFile1/RAM_reg[7][3]/C is not reached by a timing clock
Related violations: <none>

TIMING-17#209 Warning
Non-clocked sequential cell  
The clock pin regFile1/RAM_reg[7][4]/C is not reached by a timing clock
Related violations: <none>

TIMING-17#210 Warning
Non-clocked sequential cell  
The clock pin regFile1/RAM_reg[7][5]/C is not reached by a timing clock
Related violations: <none>

TIMING-17#211 Warning
Non-clocked sequential cell  
The clock pin regFile1/RAM_reg[7][6]/C is not reached by a timing clock
Related violations: <none>

TIMING-17#212 Warning
Non-clocked sequential cell  
The clock pin regFile1/RAM_reg[7][7]/C is not reached by a timing clock
Related violations: <none>

TIMING-17#213 Warning
Non-clocked sequential cell  
The clock pin regFile1/RAM_reg[8][0]/C is not reached by a timing clock
Related violations: <none>

TIMING-17#214 Warning
Non-clocked sequential cell  
The clock pin regFile1/RAM_reg[8][1]/C is not reached by a timing clock
Related violations: <none>

TIMING-17#215 Warning
Non-clocked sequential cell  
The clock pin regFile1/RAM_reg[8][2]/C is not reached by a timing clock
Related violations: <none>

TIMING-17#216 Warning
Non-clocked sequential cell  
The clock pin regFile1/RAM_reg[8][3]/C is not reached by a timing clock
Related violations: <none>

TIMING-17#217 Warning
Non-clocked sequential cell  
The clock pin regFile1/RAM_reg[8][4]/C is not reached by a timing clock
Related violations: <none>

TIMING-17#218 Warning
Non-clocked sequential cell  
The clock pin regFile1/RAM_reg[8][5]/C is not reached by a timing clock
Related violations: <none>

TIMING-17#219 Warning
Non-clocked sequential cell  
The clock pin regFile1/RAM_reg[8][6]/C is not reached by a timing clock
Related violations: <none>

TIMING-17#220 Warning
Non-clocked sequential cell  
The clock pin regFile1/RAM_reg[8][7]/C is not reached by a timing clock
Related violations: <none>

TIMING-17#221 Warning
Non-clocked sequential cell  
The clock pin regFile1/RAM_reg[9][0]/C is not reached by a timing clock
Related violations: <none>

TIMING-17#222 Warning
Non-clocked sequential cell  
The clock pin regFile1/RAM_reg[9][1]/C is not reached by a timing clock
Related violations: <none>

TIMING-17#223 Warning
Non-clocked sequential cell  
The clock pin regFile1/RAM_reg[9][2]/C is not reached by a timing clock
Related violations: <none>

TIMING-17#224 Warning
Non-clocked sequential cell  
The clock pin regFile1/RAM_reg[9][3]/C is not reached by a timing clock
Related violations: <none>

TIMING-17#225 Warning
Non-clocked sequential cell  
The clock pin regFile1/RAM_reg[9][4]/C is not reached by a timing clock
Related violations: <none>

TIMING-17#226 Warning
Non-clocked sequential cell  
The clock pin regFile1/RAM_reg[9][5]/C is not reached by a timing clock
Related violations: <none>

TIMING-17#227 Warning
Non-clocked sequential cell  
The clock pin regFile1/RAM_reg[9][6]/C is not reached by a timing clock
Related violations: <none>

TIMING-17#228 Warning
Non-clocked sequential cell  
The clock pin regFile1/RAM_reg[9][7]/C is not reached by a timing clock
Related violations: <none>

TIMING-17#229 Warning
Non-clocked sequential cell  
The clock pin regFile1/r_d_0_reg[0]/C is not reached by a timing clock
Related violations: <none>

TIMING-17#230 Warning
Non-clocked sequential cell  
The clock pin regFile1/r_d_0_reg[1]/C is not reached by a timing clock
Related violations: <none>

TIMING-17#231 Warning
Non-clocked sequential cell  
The clock pin regFile1/r_d_0_reg[2]/C is not reached by a timing clock
Related violations: <none>

TIMING-17#232 Warning
Non-clocked sequential cell  
The clock pin regFile1/r_d_0_reg[3]/C is not reached by a timing clock
Related violations: <none>

TIMING-17#233 Warning
Non-clocked sequential cell  
The clock pin regFile1/r_d_0_reg[4]/C is not reached by a timing clock
Related violations: <none>

TIMING-17#234 Warning
Non-clocked sequential cell  
The clock pin regFile1/r_d_0_reg[5]/C is not reached by a timing clock
Related violations: <none>

TIMING-17#235 Warning
Non-clocked sequential cell  
The clock pin regFile1/r_d_0_reg[6]/C is not reached by a timing clock
Related violations: <none>

TIMING-17#236 Warning
Non-clocked sequential cell  
The clock pin regFile1/r_d_0_reg[7]/C is not reached by a timing clock
Related violations: <none>

TIMING-17#237 Warning
Non-clocked sequential cell  
The clock pin regFile1/r_d_1_reg[0]/C is not reached by a timing clock
Related violations: <none>

TIMING-17#238 Warning
Non-clocked sequential cell  
The clock pin regFile1/r_d_1_reg[1]/C is not reached by a timing clock
Related violations: <none>

TIMING-17#239 Warning
Non-clocked sequential cell  
The clock pin regFile1/r_d_1_reg[2]/C is not reached by a timing clock
Related violations: <none>

TIMING-17#240 Warning
Non-clocked sequential cell  
The clock pin regFile1/r_d_1_reg[3]/C is not reached by a timing clock
Related violations: <none>

TIMING-17#241 Warning
Non-clocked sequential cell  
The clock pin regFile1/r_d_1_reg[4]/C is not reached by a timing clock
Related violations: <none>

TIMING-17#242 Warning
Non-clocked sequential cell  
The clock pin regFile1/r_d_1_reg[5]/C is not reached by a timing clock
Related violations: <none>

TIMING-17#243 Warning
Non-clocked sequential cell  
The clock pin regFile1/r_d_1_reg[6]/C is not reached by a timing clock
Related violations: <none>

TIMING-17#244 Warning
Non-clocked sequential cell  
The clock pin regFile1/r_d_1_reg[7]/C is not reached by a timing clock
Related violations: <none>

TIMING-18#1 Warning
Missing input or output delay  
An output delay is missing on a relative to clock(s) sys_clk_pin
Related violations: <none>

TIMING-18#2 Warning
Missing input or output delay  
An output delay is missing on an[0] relative to clock(s) sys_clk_pin
Related violations: <none>

TIMING-18#3 Warning
Missing input or output delay  
An output delay is missing on an[1] relative to clock(s) sys_clk_pin
Related violations: <none>

TIMING-18#4 Warning
Missing input or output delay  
An output delay is missing on an[2] relative to clock(s) sys_clk_pin
Related violations: <none>

TIMING-18#5 Warning
Missing input or output delay  
An output delay is missing on an[3] relative to clock(s) sys_clk_pin
Related violations: <none>

TIMING-18#6 Warning
Missing input or output delay  
An output delay is missing on b relative to clock(s) sys_clk_pin
Related violations: <none>

TIMING-18#7 Warning
Missing input or output delay  
An output delay is missing on c relative to clock(s) sys_clk_pin
Related violations: <none>

TIMING-18#8 Warning
Missing input or output delay  
An output delay is missing on d relative to clock(s) sys_clk_pin
Related violations: <none>

TIMING-18#9 Warning
Missing input or output delay  
An output delay is missing on e relative to clock(s) sys_clk_pin
Related violations: <none>

TIMING-18#10 Warning
Missing input or output delay  
An output delay is missing on f relative to clock(s) sys_clk_pin
Related violations: <none>

TIMING-18#11 Warning
Missing input or output delay  
An output delay is missing on g relative to clock(s) sys_clk_pin
Related violations: <none>

TIMING-20#1 Warning
Non-clocked latch  
The latch controller1/checksum_ld_reg cannot be properly analyzed as its control pin controller1/checksum_ld_reg/G is not reached by a timing clock
Related violations: <none>

TIMING-20#2 Warning
Non-clocked latch  
The latch controller1/i_clr_reg cannot be properly analyzed as its control pin controller1/i_clr_reg/G is not reached by a timing clock
Related violations: <none>

TIMING-20#3 Warning
Non-clocked latch  
The latch controller1/i_ld_reg cannot be properly analyzed as its control pin controller1/i_ld_reg/G is not reached by a timing clock
Related violations: <none>

TIMING-20#4 Warning
Non-clocked latch  
The latch controller1/over_reg cannot be properly analyzed as its control pin controller1/over_reg/G is not reached by a timing clock
Related violations: <none>

TIMING-20#5 Warning
Non-clocked latch  
The latch controller1/r_e_0_reg cannot be properly analyzed as its control pin controller1/r_e_0_reg/G is not reached by a timing clock
Related violations: <none>

TIMING-20#6 Warning
Non-clocked latch  
The latch displayLogic/in_ld_reg cannot be properly analyzed as its control pin displayLogic/in_ld_reg/G is not reached by a timing clock
Related violations: <none>

TIMING-20#7 Warning
Non-clocked latch  
The latch displayLogic/in_sel_reg[0] cannot be properly analyzed as its control pin displayLogic/in_sel_reg[0]/G is not reached by a timing clock
Related violations: <none>

TIMING-20#8 Warning
Non-clocked latch  
The latch displayLogic/in_sel_reg[1] cannot be properly analyzed as its control pin displayLogic/in_sel_reg[1]/G is not reached by a timing clock
Related violations: <none>

TIMING-20#9 Warning
Non-clocked latch  
The latch displayLogic/r_a_1_ld_reg cannot be properly analyzed as its control pin displayLogic/r_a_1_ld_reg/G is not reached by a timing clock
Related violations: <none>

TIMING-20#10 Warning
Non-clocked latch  
The latch displayLogic/r_e_1_reg cannot be properly analyzed as its control pin displayLogic/r_e_1_reg/G is not reached by a timing clock
Related violations: <none>

TIMING-20#11 Warning
Non-clocked latch  
The latch displayLogic/read_sel_reg[0] cannot be properly analyzed as its control pin displayLogic/read_sel_reg[0]/G is not reached by a timing clock
Related violations: <none>

TIMING-20#12 Warning
Non-clocked latch  
The latch displayLogic/read_sel_reg[1] cannot be properly analyzed as its control pin displayLogic/read_sel_reg[1]/G is not reached by a timing clock
Related violations: <none>

TIMING-20#13 Warning
Non-clocked latch  
The latch displayLogic/ten_clr_reg cannot be properly analyzed as its control pin displayLogic/ten_clr_reg/G is not reached by a timing clock
Related violations: <none>

TIMING-20#14 Warning
Non-clocked latch  
The latch displayLogic/ten_ld_reg cannot be properly analyzed as its control pin displayLogic/ten_ld_reg/G is not reached by a timing clock
Related violations: <none>


